DEBUG [2016-01-10 17:58:59] Debug logging initiated
DEBUG [2016-01-10 17:58:59] dataset::rawDatasetNames() - Begin
DEBUG [2016-01-10 17:58:59] dataset::rawDatasetNames() - End
DEBUG [2016-01-10 17:58:59] dataset::customDatasetName() - Begin
DEBUG [2016-01-10 17:58:59] dataset::customDatasetName() - End
DEBUG [2016-01-10 17:58:59] dataset::customDatasetFileInfo() - Begin
DEBUG [2016-01-10 17:58:59] dataset::customDatasetFileInfo() - End
DEBUG [2016-01-10 17:58:59] dataset::rawDataset() - Begin
DEBUG [2016-01-10 17:58:59] dataset::rawDataset() - is.null(input$dataset) - End
DEBUG [2016-01-10 17:58:59] plotWidgets::output$jitCtrl() - Begin
DEBUG [2016-01-10 17:58:59] plotWidgets::output$jitCtrl() - is.null(displayJitCond()) - End
DEBUG [2016-01-10 17:58:59] dataset::dataset() - Begin
DEBUG [2016-01-10 17:58:59] dataset::dataset() - is.null(input$rawVsManAgg) - End
DEBUG [2016-01-10 17:59:00] dataset::rawDatasetNames() - Begin
DEBUG [2016-01-10 17:59:00] dataset::rawDatasetNames() - End
DEBUG [2016-01-10 17:59:00] dataset::customDatasetName() - Begin
DEBUG [2016-01-10 17:59:00] dataset::customDatasetName() - End
DEBUG [2016-01-10 17:59:00] dataset::customDatasetFileInfo() - Begin
DEBUG [2016-01-10 17:59:00] dataset::customDatasetFileInfo() - End
DEBUG [2016-01-10 17:59:00] plotWidgets::output$jitCtrl() - Begin
DEBUG [2016-01-10 17:59:00] dataset::finalDF() - Begin
DEBUG [2016-01-10 17:59:00] dataset::dataset() - Begin
DEBUG [2016-01-10 17:59:00] dataset::dataset() - is.null(input$rawVsManAgg) - End
DEBUG [2016-01-10 17:59:00] dataset::rawDataset() - Begin
DEBUG [2016-01-10 17:59:00] dataset::rawDataset() - is.null(input$file) - End
DEBUG [2016-01-10 17:59:00] dataset::finalDF() - !(semiAutoAggOn()) - End
DEBUG [2016-01-10 17:59:00] plot::plotInput() - Begin
DEBUG [2016-01-10 17:59:00] systime - begin
DEBUG [2016-01-10 17:59:00] 2016-01-10 17:59:00
DEBUG [2016-01-10 17:59:00] plot::plotInput() - Begin
DEBUG [2016-01-10 17:59:00] systime - begin
DEBUG [2016-01-10 17:59:00] 2016-01-10 17:59:00
DEBUG [2016-01-10 17:59:00] plot::scatterPlot() - Begin
DEBUG [2016-01-10 17:59:00] dataset::plotDF() - Begin
DEBUG [2016-01-10 17:59:00] dataset::plotDF() - End
DEBUG [2016-01-10 17:59:00] plotWidgetNames::scatterWidgets() - Begin
DEBUG [2016-01-10 17:59:00] plotWidgetNames::scatterWidgets() - End
DEBUG [2016-01-10 17:59:00] plot::scatterPlot() - End
DEBUG [2016-01-10 17:59:00] plot::plotScatter() - Begin
DEBUG [2016-01-10 17:59:00] plot::scatterPlotInputs() - Begin
DEBUG [2016-01-10 17:59:00] plot::scatterPlotInputs() - End
DEBUG [2016-01-10 17:59:00] helper::ensureCorrectPlotInputs() - Begin
DEBUG [2016-01-10 17:59:00] helper::ensureCorrectPlotInputs() - End
DEBUG [2016-01-10 17:59:00] plot::plotScatter() - End
DEBUG [2016-01-10 17:59:00] plot::plotInput() - End
DEBUG [2016-01-10 17:59:00] proctime - end
DEBUG [2016-01-10 17:59:00] 2016-01-10 17:59:00
DEBUG [2016-01-10 17:59:00] time.taken
DEBUG [2016-01-10 17:59:00] 0.072650671005249
DEBUG [2016-01-10 17:59:07] plotWidgets::output$jitCtrl() - Begin
DEBUG [2016-01-10 17:59:07] plotWidgets::output$jitCtrl() - is.null(displayJitCond()) - End
DEBUG [2016-01-10 17:59:07] plot::plotInput() - Begin
DEBUG [2016-01-10 17:59:07] systime - begin
DEBUG [2016-01-10 17:59:07] 2016-01-10 17:59:07
DEBUG [2016-01-10 17:59:07] plot::linePlot() - Begin
DEBUG [2016-01-10 17:59:07] plotWidgetNames::lineWidgets() - Start
DEBUG [2016-01-10 17:59:07] plotWidgetNames::lineWidgets() - End
DEBUG [2016-01-10 17:59:07] plot::plotLine() - Begin
DEBUG [2016-01-10 17:59:07] plot::linePlotInputs() - Begin
DEBUG [2016-01-10 17:59:07] plot::linePlotInputs() - End
DEBUG [2016-01-10 17:59:07] helper::ensureCorrectPlotInputs() - Begin
DEBUG [2016-01-10 17:59:07] helper::ensureCorrectPlotInputs() - End
DEBUG [2016-01-10 17:59:07] plot::plotLine() - End
DEBUG [2016-01-10 17:59:07] plotWidgetNames::linePtsOverlayWidgets() - Begin
DEBUG [2016-01-10 17:59:07] plotWidgetNames::linePtsOverlayWidgets() - End
DEBUG [2016-01-10 17:59:07] plot::plotInput() - End
DEBUG [2016-01-10 17:59:07] proctime - end
DEBUG [2016-01-10 17:59:07] 2016-01-10 17:59:07
DEBUG [2016-01-10 17:59:07] time.taken
DEBUG [2016-01-10 17:59:07] 0.0475864410400391
DEBUG [2016-01-09 17:58:52] plotWidgets::output$jitCtrl() - Begin
DEBUG [2016-01-10 17:59:07] plot::plotInput() - Begin
DEBUG [2016-01-10 17:59:07] systime - begin
DEBUG [2016-01-10 17:59:07] 2016-01-10 17:59:07
DEBUG [2016-01-10 17:59:07] plot::linePlot() - Begin
DEBUG [2016-01-10 17:59:07] plot::plotLine() - Begin
DEBUG [2016-01-10 17:59:07] plot::plotLine() - End
DEBUG [2016-01-10 17:59:07] plot::linePlot() - End
DEBUG [2016-01-10 17:59:07] plot::plotInput() - End
DEBUG [2016-01-10 17:59:07] proctime - end
DEBUG [2016-01-10 17:59:07] 2016-01-10 17:59:07
DEBUG [2016-01-10 17:59:07] time.taken
DEBUG [2016-01-10 17:59:07] 0.0310792922973633
DEBUG [2016-01-10 17:59:09] plot::plotInput() - Begin
DEBUG [2016-01-10 17:59:09] systime - begin
DEBUG [2016-01-10 17:59:09] 2016-01-10 17:59:09
DEBUG [2016-01-10 17:59:09] plot::barPlot() - Begin
DEBUG [2016-01-10 17:59:09] plotWidgetNames::barWidgets() - Start
DEBUG [2016-01-10 17:59:09] plotWidgetNames::barWidgets() - End
DEBUG [2016-01-10 17:59:09] plot::barPlot() - End
DEBUG [2016-01-10 17:59:09] plot::plotBar() - Begin
DEBUG [2016-01-10 17:59:09] plot::barPlotInputs() - Begin
DEBUG [2016-01-10 17:59:09] plot::barPlotInputs() - End
DEBUG [2016-01-10 17:59:09] helper::ensureCorrectPlotInputs() - Begin
DEBUG [2016-01-10 17:59:09] helper::ensureCorrectPlotInputs() - End
DEBUG [2016-01-10 17:59:09] plot::plotBar() - End
DEBUG [2016-01-10 17:59:09] plot::plotInput() - End
DEBUG [2016-01-10 17:59:09] proctime - end
DEBUG [2016-01-10 17:59:09] 2016-01-10 17:59:09
DEBUG [2016-01-10 17:59:09] time.taken
DEBUG [2016-01-10 17:59:09] 0.0323514938354492
DEBUG [2016-01-10 17:59:10] plotWidgets::output$jitCtrl() - Begin
DEBUG [2016-01-10 17:59:12] plot::plotInput() - Begin
DEBUG [2016-01-10 17:59:12] systime - begin
DEBUG [2016-01-10 17:59:12] 2016-01-10 17:59:12
DEBUG [2016-01-10 17:59:12] plot::histogram() - Begin
DEBUG [2016-01-10 17:59:12] plotWidgetNames::histogramWidgets() - Start
DEBUG [2016-01-10 17:59:12] plotWidgetNames::histogramWidgets() - End
DEBUG [2016-01-10 17:59:12] plot::histogram() - End
DEBUG [2016-01-10 17:59:12] plot::plotHistogram() - Begin
DEBUG [2016-01-10 17:59:12] plot::histogramInputs() - Begin
DEBUG [2016-01-10 17:59:12] plot::histogramInputs() - End
DEBUG [2016-01-10 17:59:12] helper::ensureCorrectPlotInputs() - Begin
DEBUG [2016-01-10 17:59:12] helper::ensureCorrectPlotInputs() - End
DEBUG [2016-01-10 17:59:12] plot::plotHistogram() - End
DEBUG [2016-01-10 17:59:12] plot::plotInput() - End
DEBUG [2016-01-10 17:59:12] proctime - end
DEBUG [2016-01-10 17:59:12] 2016-01-10 17:59:12
DEBUG [2016-01-10 17:59:12] time.taken
DEBUG [2016-01-10 17:59:12] 0.0289490222930908
DEBUG [2016-01-10 17:59:12] plotWidgets::output$jitCtrl() - Begin
DEBUG [2016-01-10 17:59:14] plot::plotInput() - Begin
DEBUG [2016-01-10 17:59:14] systime - begin
DEBUG [2016-01-10 17:59:14] 2016-01-10 17:59:14
DEBUG [2016-01-10 17:59:14] plot::densityPlot() - Begin
DEBUG [2016-01-10 17:59:14] plotWidgetNames::densityWidgets() - Start
DEBUG [2016-01-10 17:59:14] plotWidgetNames::densityWidgets() - End
DEBUG [2016-01-10 17:59:14] plot::densityPlot() - End
DEBUG [2016-01-10 17:59:14] plot::plotDensity() - Begin
DEBUG [2016-01-10 17:59:14] plot::densityPlotInputs() - Begin
DEBUG [2016-01-10 17:59:14] plot::densityPlotInputs() - End
DEBUG [2016-01-10 17:59:14] helper::ensureCorrectPlotInputs() - Begin
DEBUG [2016-01-10 17:59:14] helper::ensureCorrectPlotInputs() - End
DEBUG [2016-01-10 17:59:14] plot::plotDensity() - End
DEBUG [2016-01-10 17:59:14] plot::plotInput() - End
DEBUG [2016-01-10 17:59:14] proctime - end
DEBUG [2016-01-10 17:59:14] 2016-01-10 17:59:14
DEBUG [2016-01-10 17:59:14] time.taken
DEBUG [2016-01-10 17:59:14] 0.0297067165374756
DEBUG [2016-01-10 17:59:14] plotWidgets::output$jitCtrl() - Begin
DEBUG [2016-01-10 17:59:16] plot::plotInput() - Begin
DEBUG [2016-01-10 17:59:16] systime - begin
DEBUG [2016-01-10 17:59:16] 2016-01-10 17:59:16
DEBUG [2016-01-10 17:59:16] plot::boxPlot() - Begin
DEBUG [2016-01-10 17:59:16] plot::boxPlotInputs() - Begin
DEBUG [2016-01-10 17:59:16] plot::boxPlotInputs() - End
DEBUG [2016-01-10 17:59:16] helper::ensureCorrectPlotInputs() - Begin
DEBUG [2016-01-10 17:59:16] helper::ensureCorrectPlotInputs() - End
DEBUG [2016-01-10 17:59:16] plotWidgetNames::boxWidgets() - Start
DEBUG [2016-01-10 17:59:16] plotWidgetNames::boxWidgets() - End
DEBUG [2016-01-10 17:59:16] plot::boxPlot() - End
DEBUG [2016-01-10 17:59:16] plot::plotBox() - Begin
DEBUG [2016-01-10 17:59:16] plot::plotBox() - End
DEBUG [2016-01-10 17:59:16] plot::plotInput() - End
DEBUG [2016-01-10 17:59:16] proctime - end
DEBUG [2016-01-10 17:59:16] 2016-01-10 17:59:16
DEBUG [2016-01-10 17:59:16] time.taken
DEBUG [2016-01-10 17:59:16] 0.0320672988891602
DEBUG [2016-01-10 17:59:17] plotWidgets::output$jitCtrl() - Begin
DEBUG [2016-01-10 17:59:18] plot::plotInput() - Begin
DEBUG [2016-01-10 17:59:18] systime - begin
DEBUG [2016-01-10 17:59:18] 2016-01-10 17:59:18
DEBUG [2016-01-10 17:59:18] plot::pathPlot() - Begin
DEBUG [2016-01-10 17:59:18] plotWidgetNames::pathWidgets() - Start
DEBUG [2016-01-10 17:59:18] plotWidgetNames::pathWidgets() - End
DEBUG [2016-01-10 17:59:18] plot::plotPath() - Begin
DEBUG [2016-01-10 17:59:18] plot::pathPlotInputs() - Begin
DEBUG [2016-01-10 17:59:18] plot::pathPlotInputs() - End
DEBUG [2016-01-10 17:59:18] helper::ensureCorrectPlotInputs() - Begin
DEBUG [2016-01-10 17:59:18] helper::ensureCorrectPlotInputs() - End
DEBUG [2016-01-10 17:59:19] plot::plotPath() - End
DEBUG [2016-01-10 17:59:19] plotWidgetNames::pathPtsOverlayWidgets() - Start
DEBUG [2016-01-10 17:59:19] plotWidgetNames::pathPtsOverlayWidgets() - End
DEBUG [2016-01-10 17:59:19] plot::pathPlot() - End
DEBUG [2016-01-10 17:59:19] plot::plotInput() - End
DEBUG [2016-01-10 17:59:19] proctime - end
DEBUG [2016-01-10 17:59:19] 2016-01-10 17:59:19
DEBUG [2016-01-10 17:59:19] time.taken
DEBUG [2016-01-10 17:59:19] 0.0355513095855713
DEBUG [2016-01-10 17:59:20] plotWidgets::output$jitCtrl() - Begin
DEBUG [2016-01-10 17:59:22] plot::plotInput() - Begin
DEBUG [2016-01-10 17:59:22] systime - begin
DEBUG [2016-01-10 17:59:22] 2016-01-10 17:59:22
DEBUG [2016-01-10 17:59:22] plot::pathPlot() - Begin
DEBUG [2016-01-10 17:59:22] plot::plotPath() - Begin
DEBUG [2016-01-10 17:59:22] plot::pathPlotInputs() - Begin
DEBUG [2016-01-10 17:59:22] plot::pathPlotInputs() - End
DEBUG [2016-01-10 17:59:22] helper::ensureCorrectPlotInputs() - Begin
DEBUG [2016-01-10 17:59:22] helper::ensureCorrectPlotInputs() - End
DEBUG [2016-01-10 17:59:22] plot::plotPath() - End
DEBUG [2016-01-10 17:59:22] plot::pathPlot() - End
DEBUG [2016-01-10 17:59:22] plot::plotInput() - End
DEBUG [2016-01-10 17:59:22] proctime - end
DEBUG [2016-01-10 17:59:22] 2016-01-10 17:59:22
DEBUG [2016-01-10 17:59:22] time.taken
DEBUG [2016-01-10 17:59:22] 0.0344817638397217
DEBUG [2016-01-10 17:59:25] plot::plotInput() - Begin
DEBUG [2016-01-10 17:59:25] systime - begin
DEBUG [2016-01-10 17:59:25] 2016-01-10 17:59:25
DEBUG [2016-01-10 17:59:25] plot::linePlot() - Begin
DEBUG [2016-01-10 17:59:25] plot::plotLine() - Begin
DEBUG [2016-01-10 17:59:25] plot::linePlotInputs() - Begin
DEBUG [2016-01-10 17:59:25] plot::linePlotInputs() - End
DEBUG [2016-01-10 17:59:25] helper::ensureCorrectPlotInputs() - Begin
DEBUG [2016-01-10 17:59:25] helper::ensureCorrectPlotInputs() - End
DEBUG [2016-01-10 17:59:25] plot::plotLine() - End
DEBUG [2016-01-10 17:59:25] plot::linePlot() - End
DEBUG [2016-01-10 17:59:25] plot::plotInput() - End
DEBUG [2016-01-10 17:59:25] proctime - end
DEBUG [2016-01-10 17:59:25] 2016-01-10 17:59:25
DEBUG [2016-01-10 17:59:25] time.taken
DEBUG [2016-01-10 17:59:25] 0.0309672355651855
DEBUG [2016-01-10 17:59:25] plotWidgets::output$jitCtrl() - Begin
DEBUG [2016-01-10 17:59:30] plot::plotInput() - Begin
DEBUG [2016-01-10 17:59:30] systime - begin
DEBUG [2016-01-10 17:59:30] 2016-01-10 17:59:30
DEBUG [2016-01-10 17:59:30] plot::histogram() - Begin
DEBUG [2016-01-10 17:59:30] plot::histogram() - End
DEBUG [2016-01-10 17:59:30] plot::plotHistogram() - Begin
DEBUG [2016-01-10 17:59:30] plot::histogramInputs() - Begin
DEBUG [2016-01-10 17:59:30] plot::histogramInputs() - End
DEBUG [2016-01-10 17:59:30] helper::ensureCorrectPlotInputs() - Begin
DEBUG [2016-01-10 17:59:30] helper::ensureCorrectPlotInputs() - End
DEBUG [2016-01-10 17:59:30] plot::plotHistogram() - End
DEBUG [2016-01-10 17:59:30] plot::plotInput() - End
DEBUG [2016-01-10 17:59:30] proctime - end
DEBUG [2016-01-10 17:59:30] 2016-01-10 17:59:30
DEBUG [2016-01-10 17:59:30] time.taken
DEBUG [2016-01-10 17:59:30] 0.0272479057312012
DEBUG [2016-01-10 17:59:30] plotWidgets::output$jitCtrl() - Begin
DEBUG [2016-01-10 17:59:36] plot::plotInput() - Begin
DEBUG [2016-01-10 17:59:36] systime - begin
DEBUG [2016-01-10 17:59:36] 2016-01-10 17:59:36
DEBUG [2016-01-10 17:59:36] plot::boxPlot() - Begin
DEBUG [2016-01-10 17:59:36] plot::boxPlotInputs() - Begin
DEBUG [2016-01-10 17:59:36] plot::boxPlotInputs() - End
DEBUG [2016-01-10 17:59:36] helper::ensureCorrectPlotInputs() - Begin
DEBUG [2016-01-10 17:59:36] helper::ensureCorrectPlotInputs() - End
DEBUG [2016-01-10 17:59:36] plot::boxPlot() - End
DEBUG [2016-01-10 17:59:36] plot::plotBox() - Begin
DEBUG [2016-01-10 17:59:36] plot::plotBox() - End
DEBUG [2016-01-10 17:59:36] plot::plotInput() - End
DEBUG [2016-01-10 17:59:36] proctime - end
DEBUG [2016-01-10 17:59:36] 2016-01-10 17:59:36
DEBUG [2016-01-10 17:59:36] time.taken
DEBUG [2016-01-10 17:59:36] 0.0300731658935547
DEBUG [2016-01-10 17:59:37] plotWidgets::output$jitCtrl() - Begin
DEBUG [2016-01-10 17:59:39] plot::plotInput() - Begin
DEBUG [2016-01-10 17:59:39] systime - begin
DEBUG [2016-01-10 17:59:39] 2016-01-10 17:59:39
DEBUG [2016-01-10 17:59:39] plot::linePlot() - Begin
DEBUG [2016-01-10 17:59:39] plot::plotLine() - Begin
DEBUG [2016-01-10 17:59:39] plot::plotLine() - End
DEBUG [2016-01-10 17:59:39] plot::linePlot() - End
DEBUG [2016-01-10 17:59:39] plot::plotInput() - End
DEBUG [2016-01-10 17:59:39] proctime - end
DEBUG [2016-01-10 17:59:39] 2016-01-10 17:59:39
DEBUG [2016-01-10 17:59:39] time.taken
DEBUG [2016-01-10 17:59:39] 0.0720479488372803
DEBUG [2016-01-10 17:59:39] plotWidgets::output$jitCtrl() - Begin
DEBUG [2016-01-10 17:59:42] plot::plotInput() - Begin
DEBUG [2016-01-10 17:59:42] systime - begin
DEBUG [2016-01-10 17:59:42] 2016-01-10 17:59:42
DEBUG [2016-01-10 17:59:42] plot::boxPlot() - Begin
DEBUG [2016-01-10 17:59:42] plot::boxPlot() - End
DEBUG [2016-01-10 17:59:42] plot::plotBox() - Begin
DEBUG [2016-01-10 17:59:42] plot::plotBox() - End
DEBUG [2016-01-10 17:59:42] plot::plotInput() - End
DEBUG [2016-01-10 17:59:42] proctime - end
DEBUG [2016-01-10 17:59:42] 2016-01-10 17:59:42
DEBUG [2016-01-10 17:59:42] time.taken
DEBUG [2016-01-10 17:59:42] 0.0207798480987549
DEBUG [2016-01-10 17:59:43] plotWidgets::output$jitCtrl() - Begin
DEBUG [2016-01-10 17:59:45] plot::plotInput() - Begin
DEBUG [2016-01-10 17:59:45] systime - begin
DEBUG [2016-01-10 17:59:45] 2016-01-10 17:59:45
DEBUG [2016-01-10 17:59:45] plot::histogram() - Begin
DEBUG [2016-01-10 17:59:45] plot::histogram() - End
DEBUG [2016-01-10 17:59:45] plot::plotHistogram() - Begin
DEBUG [2016-01-10 17:59:45] plot::plotHistogram() - End
DEBUG [2016-01-10 17:59:45] plot::plotInput() - End
DEBUG [2016-01-10 17:59:45] proctime - end
DEBUG [2016-01-10 17:59:45] 2016-01-10 17:59:45
DEBUG [2016-01-10 17:59:45] time.taken
DEBUG [2016-01-10 17:59:45] 0.0239741802215576
DEBUG [2016-01-10 17:59:45] plotWidgets::output$jitCtrl() - Begin
DEBUG [2016-01-09 17:59:38] plot::plotInput() - Begin
DEBUG [2016-01-09 17:59:38] systime - begin
DEBUG [2016-01-09 17:59:38] 2016-01-09 17:59:38
DEBUG [2016-01-09 17:59:38] plot::scatterPlot() - Begin
DEBUG [2016-01-09 17:59:38] plot::scatterPlot() - End
DEBUG [2016-01-09 17:59:38] plot::plotScatter() - Begin
DEBUG [2016-01-09 17:59:38] plot::scatterPlotInputs() - Begin
DEBUG [2016-01-09 17:59:38] plot::scatterPlotInputs() - End
DEBUG [2016-01-09 17:59:38] helper::ensureCorrectPlotInputs() - Begin
DEBUG [2016-01-09 17:59:38] helper::ensureCorrectPlotInputs() - End
DEBUG [2016-01-09 17:59:38] plot::plotScatter() - End
DEBUG [2016-01-09 17:59:38] plot::plotInput() - End
DEBUG [2016-01-09 17:59:38] proctime - end
DEBUG [2016-01-09 17:59:38] 2016-01-09 17:59:38
DEBUG [2016-01-09 17:59:38] time.taken
DEBUG [2016-01-09 17:59:38] 0.0269181728363037
DEBUG [2016-01-09 17:59:40] plotWidgets::output$jitCtrl() - Begin
DEBUG [2016-01-09 17:59:43] dataset::dataset() - Begin
DEBUG [2016-01-09 17:59:43] dataset::dataset() - is.null(input$rawVsManAgg) - End
DEBUG [2016-01-09 17:59:43] dataset::rawDataset() - Begin
DEBUG [2016-01-09 17:59:43] dataset::rawDataset() - is.null(input$file) - End
DEBUG [2016-01-09 17:59:43] dataset::finalDF() - Begin
DEBUG [2016-01-09 17:59:43] dataset::finalDF() - !(semiAutoAggOn()) - End
DEBUG [2016-01-09 17:59:43] plot::plotInput() - Begin
DEBUG [2016-01-09 17:59:43] systime - begin
DEBUG [2016-01-09 17:59:43] 2016-01-09 17:59:43
DEBUG [2016-01-09 17:59:43] plot::plotInput() - Begin
DEBUG [2016-01-09 17:59:43] systime - begin
DEBUG [2016-01-09 17:59:43] 2016-01-09 17:59:43
DEBUG [2016-01-09 17:59:43] plot::scatterPlot() - Begin
DEBUG [2016-01-09 17:59:43] dataset::plotDF() - Begin
DEBUG [2016-01-09 17:59:43] dataset::plotDF() - End
DEBUG [2016-01-09 17:59:43] plot::scatterPlot() - End
DEBUG [2016-01-09 17:59:43] plot::plotScatter() - Begin
DEBUG [2016-01-09 17:59:43] plot::scatterPlotInputs() - Begin
DEBUG [2016-01-09 17:59:43] plot::scatterPlotInputs() - End
DEBUG [2016-01-09 17:59:43] helper::ensureCorrectPlotInputs() - Begin
DEBUG [2016-01-09 17:59:43] helper::ensureCorrectPlotInputs() - End
DEBUG [2016-01-09 17:59:43] plot::plotScatter() - End
DEBUG [2016-01-09 17:59:43] plot::plotInput() - End
DEBUG [2016-01-09 17:59:43] proctime - end
DEBUG [2016-01-09 17:59:43] 2016-01-09 17:59:43
DEBUG [2016-01-09 17:59:43] time.taken
DEBUG [2016-01-09 17:59:43] 0.0366253852844238
DEBUG [2016-01-09 17:59:45] plot::plotInput() - Begin
DEBUG [2016-01-09 17:59:45] systime - begin
DEBUG [2016-01-09 17:59:45] 2016-01-09 17:59:45
DEBUG [2016-01-09 17:59:45] plot::histogram() - Begin
DEBUG [2016-01-09 17:59:45] plot::histogram() - End
DEBUG [2016-01-09 17:59:45] plot::plotHistogram() - Begin
DEBUG [2016-01-09 17:59:45] plot::histogramInputs() - Begin
DEBUG [2016-01-09 17:59:45] plot::histogramInputs() - End
DEBUG [2016-01-09 17:59:45] helper::ensureCorrectPlotInputs() - Begin
DEBUG [2016-01-09 17:59:45] helper::ensureCorrectPlotInputs() - End
DEBUG [2016-01-09 17:59:45] plot::plotHistogram() - End
DEBUG [2016-01-09 17:59:45] plot::plotInput() - End
DEBUG [2016-01-09 17:59:45] proctime - end
DEBUG [2016-01-09 17:59:45] 2016-01-09 17:59:45
DEBUG [2016-01-09 17:59:45] time.taken
DEBUG [2016-01-09 17:59:45] 0.0299584865570068
DEBUG [2016-01-09 17:59:45] plotWidgets::output$jitCtrl() - Begin
DEBUG [2016-01-09 17:59:47] plot::plotInput() - Begin
DEBUG [2016-01-09 17:59:47] systime - begin
DEBUG [2016-01-09 17:59:47] 2016-01-09 17:59:47
DEBUG [2016-01-09 17:59:47] plot::densityPlot() - Begin
DEBUG [2016-01-09 17:59:47] plot::densityPlot() - End
DEBUG [2016-01-09 17:59:47] plot::plotDensity() - Begin
DEBUG [2016-01-09 17:59:47] plot::densityPlotInputs() - Begin
DEBUG [2016-01-09 17:59:47] plot::densityPlotInputs() - End
DEBUG [2016-01-09 17:59:47] helper::ensureCorrectPlotInputs() - Begin
DEBUG [2016-01-09 17:59:47] helper::ensureCorrectPlotInputs() - End
DEBUG [2016-01-09 17:59:47] plot::plotDensity() - End
DEBUG [2016-01-09 17:59:47] plot::plotInput() - End
DEBUG [2016-01-09 17:59:47] proctime - end
DEBUG [2016-01-09 17:59:47] 2016-01-09 17:59:47
DEBUG [2016-01-09 17:59:47] time.taken
DEBUG [2016-01-09 17:59:47] 0.0310008525848389
DEBUG [2016-01-09 17:59:47] plotWidgets::output$jitCtrl() - Begin
DEBUG [2016-01-09 17:59:48] plotWidgets::output$jitCtrl() - Begin
DEBUG [2016-01-09 17:59:48] plot::plotInput() - Begin
DEBUG [2016-01-09 17:59:48] systime - begin
DEBUG [2016-01-09 17:59:48] 2016-01-09 17:59:48
DEBUG [2016-01-09 17:59:48] plot::densityPlot() - Begin
DEBUG [2016-01-09 17:59:48] plot::densityPlot() - End
DEBUG [2016-01-09 17:59:48] plot::plotDensity() - Begin
DEBUG [2016-01-09 17:59:48] plot::densityPlotInputs() - Begin
DEBUG [2016-01-09 17:59:48] plot::densityPlotInputs() - End
DEBUG [2016-01-09 17:59:48] helper::ensureCorrectPlotInputs() - Begin
DEBUG [2016-01-09 17:59:48] helper::ensureCorrectPlotInputs() - End
DEBUG [2016-01-09 17:59:48] plot::plotDensity() - End
DEBUG [2016-01-09 17:59:48] plot::plotInput() - End
DEBUG [2016-01-09 17:59:48] proctime - end
DEBUG [2016-01-09 17:59:48] 2016-01-09 17:59:48
DEBUG [2016-01-09 17:59:48] time.taken
DEBUG [2016-01-09 17:59:48] 0.0509872436523438
DEBUG [2016-01-09 17:59:54] dataset::dataset() - Begin
DEBUG [2016-01-09 17:59:54] dataset::dataset() - is.null(input$rawVsManAgg) - End
DEBUG [2016-01-09 17:59:54] dataset::rawDataset() - Begin
DEBUG [2016-01-09 17:59:54] dataset::rawDataset() - is.null(input$file) - End
DEBUG [2016-01-09 17:59:54] dataset::finalDF() - Begin
DEBUG [2016-01-09 17:59:54] dataset::finalDF() - !(semiAutoAggOn()) - End
DEBUG [2016-01-09 17:59:54] plot::plotInput() - Begin
DEBUG [2016-01-09 17:59:54] systime - begin
DEBUG [2016-01-09 17:59:54] 2016-01-09 17:59:54
DEBUG [2016-01-09 17:59:54] plot::plotInput() - Begin
DEBUG [2016-01-09 17:59:54] systime - begin
DEBUG [2016-01-09 17:59:54] 2016-01-09 17:59:54
DEBUG [2016-01-09 17:59:54] plot::densityPlot() - Begin
DEBUG [2016-01-09 17:59:54] dataset::plotDF() - Begin
DEBUG [2016-01-09 17:59:54] dataset::plotDF() - End
DEBUG [2016-01-09 17:59:54] plot::densityPlot() - End
DEBUG [2016-01-09 17:59:54] plot::plotDensity() - Begin
DEBUG [2016-01-09 17:59:54] plot::densityPlotInputs() - Begin
DEBUG [2016-01-09 17:59:54] plot::densityPlotInputs() - End
DEBUG [2016-01-09 17:59:54] helper::ensureCorrectPlotInputs() - Begin
DEBUG [2016-01-09 17:59:54] helper::ensureCorrectPlotInputs() - End
DEBUG [2016-01-09 17:59:54] plot::plotDensity() - End
DEBUG [2016-01-09 17:59:54] plot::plotInput() - End
DEBUG [2016-01-09 17:59:54] proctime - end
DEBUG [2016-01-09 17:59:54] 2016-01-09 17:59:54
DEBUG [2016-01-09 17:59:54] time.taken
DEBUG [2016-01-09 17:59:54] 0.0562834739685059
DEBUG [2016-01-09 17:59:55] plot::plotInput() - Begin
DEBUG [2016-01-09 17:59:55] systime - begin
DEBUG [2016-01-09 17:59:56] 2016-01-09 17:59:55
DEBUG [2016-01-09 17:59:56] plot::densityPlot() - Begin
DEBUG [2016-01-09 17:59:56] plot::densityPlot() - End
DEBUG [2016-01-09 17:59:56] plot::plotDensity() - Begin
DEBUG [2016-01-09 17:59:56] plot::densityPlotInputs() - Begin
DEBUG [2016-01-09 17:59:56] plot::densityPlotInputs() - End
DEBUG [2016-01-09 17:59:56] helper::ensureCorrectPlotInputs() - Begin
DEBUG [2016-01-09 17:59:56] helper::ensureCorrectPlotInputs() - End
DEBUG [2016-01-09 17:59:56] plot::plotDensity() - End
DEBUG [2016-01-09 17:59:56] plot::plotInput() - End
DEBUG [2016-01-09 17:59:56] proctime - end
DEBUG [2016-01-09 17:59:56] 2016-01-09 17:59:56
DEBUG [2016-01-09 17:59:56] time.taken
DEBUG [2016-01-09 17:59:56] 0.0303025245666504
DEBUG [2016-01-09 18:00:02] plot::plotInput() - Begin
DEBUG [2016-01-09 18:00:02] systime - begin
DEBUG [2016-01-09 18:00:02] 2016-01-09 18:00:02
DEBUG [2016-01-09 18:00:02] plot::densityPlot() - Begin
DEBUG [2016-01-09 18:00:02] plot::densityPlot() - End
DEBUG [2016-01-09 18:00:02] plot::plotDensity() - Begin
DEBUG [2016-01-09 18:00:02] plot::densityPlotInputs() - Begin
DEBUG [2016-01-09 18:00:02] plot::densityPlotInputs() - End
DEBUG [2016-01-09 18:00:02] helper::ensureCorrectPlotInputs() - Begin
DEBUG [2016-01-09 18:00:02] helper::ensureCorrectPlotInputs() - End
DEBUG [2016-01-09 18:00:02] plot::plotDensity() - End
DEBUG [2016-01-09 18:00:02] plot::plotInput() - End
DEBUG [2016-01-09 18:00:02] proctime - end
DEBUG [2016-01-09 18:00:02] 2016-01-09 18:00:02
DEBUG [2016-01-09 18:00:02] time.taken
DEBUG [2016-01-09 18:00:02] 0.0335133075714111
DEBUG [2016-01-09 18:00:03] plot::plotInput() - Begin
DEBUG [2016-01-09 18:00:03] systime - begin
DEBUG [2016-01-09 18:00:03] 2016-01-09 18:00:03
DEBUG [2016-01-09 18:00:03] plot::densityPlot() - Begin
DEBUG [2016-01-09 18:00:03] plot::densityPlot() - End
DEBUG [2016-01-09 18:00:03] plot::plotDensity() - Begin
DEBUG [2016-01-09 18:00:03] plot::densityPlotInputs() - Begin
DEBUG [2016-01-09 18:00:03] plot::densityPlotInputs() - End
DEBUG [2016-01-09 18:00:03] helper::ensureCorrectPlotInputs() - Begin
DEBUG [2016-01-09 18:00:03] helper::ensureCorrectPlotInputs() - End
DEBUG [2016-01-09 18:00:03] plot::plotDensity() - End
DEBUG [2016-01-09 18:00:03] plot::plotInput() - End
DEBUG [2016-01-09 18:00:03] proctime - end
DEBUG [2016-01-09 18:00:03] 2016-01-09 18:00:03
DEBUG [2016-01-09 18:00:03] time.taken
DEBUG [2016-01-09 18:00:03] 0.0282890796661377
DEBUG [2016-01-10 18:00:25] plot::plotInput() - Begin
DEBUG [2016-01-10 18:00:25] systime - begin
DEBUG [2016-01-10 18:00:25] 2016-01-10 18:00:25
DEBUG [2016-01-10 18:00:25] plot::densityPlot() - Begin
DEBUG [2016-01-10 18:00:25] plotWidgetNames::densityWidgets() - Start
DEBUG [2016-01-10 18:00:25] plotWidgetNames::densityWidgets() - End
DEBUG [2016-01-10 18:00:25] plot::plotInput() - End
DEBUG [2016-01-10 18:00:25] proctime - end
DEBUG [2016-01-10 18:00:25] 2016-01-10 18:00:25
DEBUG [2016-01-10 18:00:25] time.taken
DEBUG [2016-01-10 18:00:25] 0.0145049095153809
DEBUG [2016-01-10 18:00:25] plot::plotInput() - Begin
DEBUG [2016-01-10 18:00:25] systime - begin
DEBUG [2016-01-10 18:00:25] 2016-01-10 18:00:25
DEBUG [2016-01-10 18:00:25] plot::densityPlot() - Begin
DEBUG [2016-01-10 18:00:25] plot::densityPlot() - End
DEBUG [2016-01-10 18:00:25] plot::plotDensity() - Begin
DEBUG [2016-01-10 18:00:25] plot::plotDensity() - End
DEBUG [2016-01-10 18:00:25] plot::plotInput() - End
DEBUG [2016-01-10 18:00:25] proctime - end
DEBUG [2016-01-10 18:00:25] 2016-01-10 18:00:25
DEBUG [2016-01-10 18:00:25] time.taken
DEBUG [2016-01-10 18:00:25] 0.0267412662506104
DEBUG [2016-01-10 18:00:27] plot::plotInput() - Begin
DEBUG [2016-01-10 18:00:27] systime - begin
DEBUG [2016-01-10 18:00:27] 2016-01-10 18:00:27
DEBUG [2016-01-10 18:00:27] plot::densityPlot() - Begin
DEBUG [2016-01-10 18:00:27] plot::densityPlot() - End
DEBUG [2016-01-10 18:00:27] plot::plotDensity() - Begin
DEBUG [2016-01-10 18:00:27] plot::plotDensity() - End
DEBUG [2016-01-10 18:00:27] plot::plotInput() - End
DEBUG [2016-01-10 18:00:27] proctime - end
DEBUG [2016-01-10 18:00:27] 2016-01-10 18:00:27
DEBUG [2016-01-10 18:00:27] time.taken
DEBUG [2016-01-10 18:00:27] 0.0288195610046387
DEBUG [2016-01-10 18:00:29] plot::plotInput() - Begin
DEBUG [2016-01-10 18:00:29] systime - begin
DEBUG [2016-01-10 18:00:29] 2016-01-10 18:00:29
DEBUG [2016-01-10 18:00:29] plot::densityPlot() - Begin
DEBUG [2016-01-10 18:00:29] plot::densityPlot() - End
DEBUG [2016-01-10 18:00:29] plot::plotDensity() - Begin
DEBUG [2016-01-10 18:00:29] plot::plotDensity() - End
DEBUG [2016-01-10 18:00:29] plot::plotInput() - End
DEBUG [2016-01-10 18:00:29] proctime - end
DEBUG [2016-01-10 18:00:29] 2016-01-10 18:00:29
DEBUG [2016-01-10 18:00:29] time.taken
DEBUG [2016-01-10 18:00:29] 0.0217282772064209
DEBUG [2016-01-10 18:00:36] plot::plotInput() - Begin
DEBUG [2016-01-10 18:00:36] systime - begin
DEBUG [2016-01-10 18:00:36] 2016-01-10 18:00:36
DEBUG [2016-01-10 18:00:36] plot::densityPlot() - Begin
DEBUG [2016-01-10 18:00:36] plot::densityPlot() - End
DEBUG [2016-01-10 18:00:36] plot::plotDensity() - Begin
DEBUG [2016-01-10 18:00:36] plot::plotDensity() - End
DEBUG [2016-01-10 18:00:36] plot::plotInput() - End
DEBUG [2016-01-10 18:00:36] proctime - end
DEBUG [2016-01-10 18:00:36] 2016-01-10 18:00:36
DEBUG [2016-01-10 18:00:36] time.taken
DEBUG [2016-01-10 18:00:36] 0.0238332748413086
DEBUG [2016-01-10 18:00:43] plot::plotInput() - Begin
DEBUG [2016-01-10 18:00:43] systime - begin
DEBUG [2016-01-10 18:00:43] 2016-01-10 18:00:43
DEBUG [2016-01-10 18:00:43] plot::densityPlot() - Begin
DEBUG [2016-01-10 18:00:43] plot::densityPlot() - End
DEBUG [2016-01-10 18:00:43] plot::plotDensity() - Begin
DEBUG [2016-01-10 18:00:43] plot::plotDensity() - End
DEBUG [2016-01-10 18:00:43] plot::plotInput() - End
DEBUG [2016-01-10 18:00:43] proctime - end
DEBUG [2016-01-10 18:00:43] 2016-01-10 18:00:43
DEBUG [2016-01-10 18:00:43] time.taken
DEBUG [2016-01-10 18:00:43] 0.0301651954650879
